<?xml version="1.0" encoding="UTF-8"?>
<testExecutions version="1">
  <file path="D:\cursos\javascript-courses\SonarCloudExample\tests\index.test.js">
    <testCase name="Get Endpoints Get" duration="97"/>
  </file>
</testExecutions>